<?xml version="1.0" encoding="UTF-8"?>
<!-- Generated by org.testng.reporters.JUnitXMLReporter -->
<testsuite ignored="2" hostname="Akhilash" failures="0" tests="1" name="Default test" time="21.018" errors="0" timestamp="2023-05-11T16:08:23 IST">
  <testcase classname="vTiger.Practice.CalenderPopUp" name="SelectAnyDateInDOM" time="20.978"/>
  <testcase classname="vTiger.Practice.CalenderPopUp" name="selectFutureDate" time="0.0">
    <ignored/>
  </testcase> <!-- selectFutureDate -->
  <testcase classname="vTiger.Practice.CalenderPopUp" name="SelectCurrentDate" time="0.0">
    <ignored/>
  </testcase> <!-- SelectCurrentDate -->
</testsuite> <!-- Default test -->
