<?xml version="1.0" encoding="UTF-8"?>
<!-- Generated by org.testng.reporters.JUnitXMLReporter -->
<testsuite ignored="0" hostname="Akhilash" failures="0" tests="5" name="Test6" time="217.717" errors="0" timestamp="2023-05-05T15:50:12 IST">
  <testcase classname="vTiger.OrganizationTests.CreateMultileOrganizationWithIndustryTest" name="readMultipleData" time="68.045"/>
  <testcase classname="vTiger.OrganizationTests.CreateMultileOrganizationWithIndustryTest" name="readMultipleData" time="21.442"/>
  <testcase classname="vTiger.OrganizationTests.CreateMultileOrganizationWithIndustryTest" name="readMultipleData" time="17.991"/>
  <testcase classname="vTiger.OrganizationTests.CreateMultileOrganizationWithIndustryTest" name="readMultipleData" time="14.672"/>
  <testcase classname="vTiger.OrganizationTests.CreateMultileOrganizationWithIndustryTest" name="readMultipleData" time="15.297"/>
</testsuite> <!-- Test6 -->
