<?xml version="1.0" encoding="UTF-8"?>
<!-- Generated by org.testng.reporters.JUnitXMLReporter -->
<testsuite ignored="1" hostname="Akhilash" failures="0" tests="1" name="Test" time="0.442" errors="0" timestamp="2023-04-20T13:46:05 IST">
  <testcase classname="vTiger.ContactsTest.CreateContactTest" name="sample" time="0.015"/>
  <testcase classname="vTiger.ContactsTest.CreateContactTest" name="createContact" time="0.0">
    <ignored/>
  </testcase> <!-- createContact -->
</testsuite> <!-- Test -->
