<?xml version="1.0" encoding="UTF-8"?>
<testng-results ignored="2" total="3" passed="1" failed="0" skipped="0">
  <reporter-output>
  </reporter-output>
  <suite started-at="2023-05-11T16:08:02 IST" name="Default suite" finished-at="2023-05-11T16:08:23 IST" duration-ms="21018">
    <groups>
    </groups>
    <test started-at="2023-05-11T16:08:02 IST" name="Default test" finished-at="2023-05-11T16:08:23 IST" duration-ms="21018">
      <class name="vTiger.Practice.CalenderPopUp">
        <test-method signature="SelectAnyDateInDOM()[pri:0, instance:vTiger.Practice.CalenderPopUp@74751b3]" started-at="2023-05-11T16:08:02 IST" name="SelectAnyDateInDOM" finished-at="2023-05-11T16:08:23 IST" duration-ms="20978" status="PASS">
          <reporter-output>
          </reporter-output>
        </test-method> <!-- SelectAnyDateInDOM -->
      </class> <!-- vTiger.Practice.CalenderPopUp -->
    </test> <!-- Default test -->
  </suite> <!-- Default suite -->
</testng-results>
