<?xml version="1.0" encoding="UTF-8"?>
<testng-results ignored="0" total="2" passed="2" failed="0" skipped="0">
  <reporter-output>
  </reporter-output>
  <suite started-at="2023-05-05T16:04:37 IST" name="Default suite" finished-at="2023-05-05T16:05:15 IST" duration-ms="38204">
    <groups>
      <group name="regression">
        <method signature="CreateContactTest.createContact()[pri:0, instance:vTiger.ContactsTest.CreateContactTest@4f80542f]" name="createContact" class="vTiger.ContactsTest.CreateContactTest"/>
      </group> <!-- regression -->
      <group name="smoke">
        <method signature="CreateContactTest.sample()[pri:0, instance:vTiger.ContactsTest.CreateContactTest@4f80542f]" name="sample" class="vTiger.ContactsTest.CreateContactTest"/>
      </group> <!-- smoke -->
    </groups>
    <test started-at="2023-05-05T16:04:37 IST" name="Default test" finished-at="2023-05-05T16:05:15 IST" duration-ms="38204">
      <class name="vTiger.ContactsTest.CreateContactTest">
        <test-method is-config="true" signature="bsConfig()[pri:0, instance:vTiger.ContactsTest.CreateContactTest@4f80542f]" started-at="2023-05-05T16:04:37 IST" name="bsConfig" finished-at="2023-05-05T16:04:37 IST" duration-ms="8" status="PASS">
          <reporter-output>
          </reporter-output>
        </test-method> <!-- bsConfig -->
        <test-method is-config="true" signature="bcConfig()[pri:0, instance:vTiger.ContactsTest.CreateContactTest@4f80542f]" started-at="2023-05-05T16:04:37 IST" name="bcConfig" finished-at="2023-05-05T16:04:41 IST" duration-ms="4148" status="PASS">
          <reporter-output>
          </reporter-output>
        </test-method> <!-- bcConfig -->
        <test-method is-config="true" signature="bmConfig()[pri:0, instance:vTiger.ContactsTest.CreateContactTest@4f80542f]" started-at="2023-05-05T16:04:41 IST" name="bmConfig" finished-at="2023-05-05T16:04:47 IST" duration-ms="5360" status="PASS">
          <reporter-output>
          </reporter-output>
        </test-method> <!-- bmConfig -->
        <test-method signature="createContact()[pri:0, instance:vTiger.ContactsTest.CreateContactTest@4f80542f]" started-at="2023-05-05T16:04:47 IST" name="createContact" finished-at="2023-05-05T16:05:03 IST" duration-ms="16127" status="PASS">
          <reporter-output>
          </reporter-output>
        </test-method> <!-- createContact -->
        <test-method is-config="true" signature="amConfig()[pri:0, instance:vTiger.ContactsTest.CreateContactTest@4f80542f]" started-at="2023-05-05T16:05:03 IST" name="amConfig" finished-at="2023-05-05T16:05:05 IST" duration-ms="2213" status="PASS">
          <reporter-output>
          </reporter-output>
        </test-method> <!-- amConfig -->
        <test-method is-config="true" signature="bmConfig()[pri:0, instance:vTiger.ContactsTest.CreateContactTest@4f80542f]" started-at="2023-05-05T16:05:05 IST" name="bmConfig" finished-at="2023-05-05T16:05:09 IST" duration-ms="4048" status="PASS">
          <reporter-output>
          </reporter-output>
        </test-method> <!-- bmConfig -->
        <test-method signature="sample()[pri:0, instance:vTiger.ContactsTest.CreateContactTest@4f80542f]" started-at="2023-05-05T16:05:09 IST" name="sample" finished-at="2023-05-05T16:05:09 IST" duration-ms="6" status="PASS">
          <reporter-output>
          </reporter-output>
        </test-method> <!-- sample -->
        <test-method is-config="true" signature="amConfig()[pri:0, instance:vTiger.ContactsTest.CreateContactTest@4f80542f]" started-at="2023-05-05T16:05:09 IST" name="amConfig" finished-at="2023-05-05T16:05:15 IST" duration-ms="5720" status="PASS">
          <reporter-output>
          </reporter-output>
        </test-method> <!-- amConfig -->
        <test-method is-config="true" signature="acConfig()[pri:0, instance:vTiger.ContactsTest.CreateContactTest@4f80542f]" started-at="2023-05-05T16:05:15 IST" name="acConfig" finished-at="2023-05-05T16:05:15 IST" duration-ms="236" status="PASS">
          <reporter-output>
          </reporter-output>
        </test-method> <!-- acConfig -->
        <test-method is-config="true" signature="asConfig()[pri:0, instance:vTiger.ContactsTest.CreateContactTest@4f80542f]" started-at="2023-05-05T16:05:15 IST" name="asConfig" finished-at="2023-05-05T16:05:15 IST" duration-ms="1" status="PASS">
          <reporter-output>
          </reporter-output>
        </test-method> <!-- asConfig -->
      </class> <!-- vTiger.ContactsTest.CreateContactTest -->
    </test> <!-- Default test -->
  </suite> <!-- Default suite -->
</testng-results>
